#
# There is insufficient memory for the Java Runtime Environment to continue.
# Native memory allocation (mmap) failed to map 123731968 bytes for G1 virtual space
# Possible reasons:
#   The system is out of physical RAM or swap space
#   The process is running with CompressedOops enabled, and the Java Heap may be blocking the growth of the native heap
# Possible solutions:
#   Reduce memory load on the system
#   Increase physical memory or swap space
#   Check if swap backing store is full
#   Decrease Java heap size (-Xmx/-Xms)
#   Decrease number of Java threads
#   Decrease Java thread stack sizes (-Xss)
#   Set larger code cache with -XX:ReservedCodeCacheSize=
#   JVM is running with Unscaled Compressed Oops mode in which the Java heap is
#     placed in the first 4GB address space. The Java Heap base address is the
#     maximum limit for the native heap growth. Please use -XX:HeapBaseMinAddress
#     to set the Java Heap base and to place the Java Heap above 4GB virtual address.
# This output file may be truncated or incomplete.
#
#  Out of Memory Error (os_windows.cpp:3825), pid=35908, tid=36704
#
# JRE version:  (17.0.10+1) (build )
# Java VM: OpenJDK 64-Bit Server VM (17.0.10+1-b1207.14, mixed mode, sharing, tiered, compressed oops, compressed class ptrs, g1 gc, windows-amd64)
# No core dump will be written. Minidumps are not enabled by default on client versions of Windows
#

---------------  S U M M A R Y ------------

Command Line: git4idea.http.GitAskPassApp Username for 'https://github.com': 

Host: AMD Ryzen 5 5600H with Radeon Graphics         , 12 cores, 7G,  Windows 11 , 64 bit Build 22621 (10.0.22621.4391)
Time: Sat Dec 28 11:58:13 2024 India Standard Time elapsed time: 0.017426 seconds (0d 0h 0m 0s)

---------------  T H R E A D  ---------------

Current thread (0x000002cbaea6f840):  JavaThread "Unknown thread" [_thread_in_vm, id=36704, stack(0x000000f31cd00000,0x000000f31ce00000)]

Stack: [0x000000f31cd00000,0x000000f31ce00000]
Native frames: (J=compiled Java code, j=interpreted, Vv=VM code, C=native code)
V  [jvm.dll+0x687989]
V  [jvm.dll+0x84116a]
V  [jvm.dll+0x842dae]
V  [jvm.dll+0x843413]
V  [jvm.dll+0x249ccf]
V  [jvm.dll+0x684759]
V  [jvm.dll+0x67900a]
V  [jvm.dll+0x30ab0b]
V  [jvm.dll+0x311fb6]
V  [jvm.dll+0x361d5e]
V  [jvm.dll+0x361f8f]
V  [jvm.dll+0x2e07f8]
V  [jvm.dll+0x2e1764]
V  [jvm.dll+0x811c31]
V  [jvm.dll+0x36fc11]
V  [jvm.dll+0x7f0666]
V  [jvm.dll+0x3f3daf]
V  [jvm.dll+0x3f5a41]
C  [jli.dll+0x528f]
C  [ucrtbase.dll+0x29333]
C  [KERNEL32.DLL+0x1259d]
C  [ntdll.dll+0x5af38]


---------------  P R O C E S S  ---------------

Threads class SMR info:
_java_thread_list=0x00007ffa87badf58, length=0, elements={
}

Java Threads: ( => current thread )

Other Threads:
  0x000002cbaeac65d0 GCTaskThread "GC Thread#0" [stack: 0x000000f31ce00000,0x000000f31cf00000] [id=34588]
  0x000002cbaead6f40 ConcurrentGCThread "G1 Main Marker" [stack: 0x000000f31cf00000,0x000000f31d000000] [id=28144]
  0x000002cbaead8010 ConcurrentGCThread "G1 Conc#0" [stack: 0x000000f31d000000,0x000000f31d100000] [id=25228]

[error occurred during error reporting (printing all threads), id 0xc0000005, EXCEPTION_ACCESS_VIOLATION (0xc0000005) at pc=0x00007ffa873613c7]

VM state: not at safepoint (not fully initialized)

VM Mutex/Monitor currently owned by a thread:  ([mutex/lock_event])
[0x000002cbaea6ab90] Heap_lock - owner thread: 0x000002cbaea6f840

Heap address: 0x000000008a800000, size: 1880 MB, Compressed Oops mode: 32-bit

CDS archive(s) mapped at: [0x0000000000000000-0x0000000000000000-0x0000000000000000), size 0, SharedBaseAddress: 0x0000000800000000, ArchiveRelocationMode: 1.
Narrow klass base: 0x0000000000000000, Narrow klass shift: 0, Narrow klass range: 0x0

GC Precious Log:
<Empty>

Heap:
 garbage-first heap   total 0K, used 0K [0x000000008a800000, 0x0000000100000000)
  region size 1024K, 0 young (0K), 0 survivors (0K)
 Metaspace       used 0K, committed 0K, reserved 0K
  class space    used 0K, committed 0K, reserved 0K

Heap Regions: E=young(eden), S=young(survivor), O=old, HS=humongous(starts), HC=humongous(continues), CS=collection set, F=free, OA=open archive, CA=closed archive, TAMS=top-at-mark-start (previous, next)

Card table byte_map: [0x000002cbc1ae0000,0x000002cbc1e90000] _byte_map_base: 0x000002cbc168c000

Marking Bits (Prev, Next): (CMBitMap*) 0x000002cbaeac7b10, (CMBitMap*) 0x000002cbaeac7b50
 Prev Bits: [0x000002cbc2240000, 0x000002cbc3fa0000)
 Next Bits: [0x000002cbc3fa0000, 0x000002cbc5d00000)

GC Heap History (0 events):
No events

Dll operation events (1 events):
Event: 0.009 Loaded shared library C:\Program Files\JetBrains\IntelliJ IDEA Community Edition 2024.1.1\jbr\bin\java.dll

Deoptimization events (0 events):
No events

Classes unloaded (0 events):
No events

Classes redefined (0 events):
No events

Internal exceptions (0 events):
No events

VM Operations (0 events):
No events

Events (0 events):
No events


Dynamic libraries:
0x00007ff76dc80000 - 0x00007ff76dc8a000 	C:\Program Files\JetBrains\IntelliJ IDEA Community Edition 2024.1.1\jbr\bin\java.exe
0x00007ffadf4f0000 - 0x00007ffadf707000 	C:\WINDOWS\SYSTEM32\ntdll.dll
0x00007ffade440000 - 0x00007ffade504000 	C:\WINDOWS\System32\KERNEL32.DLL
0x00007ffadcdd0000 - 0x00007ffadd18a000 	C:\WINDOWS\System32\KERNELBASE.dll
0x00007ffadccb0000 - 0x00007ffadcdc1000 	C:\WINDOWS\System32\ucrtbase.dll
0x00007ffabccd0000 - 0x00007ffabcce7000 	C:\Program Files\JetBrains\IntelliJ IDEA Community Edition 2024.1.1\jbr\bin\jli.dll
0x00007ffaaee10000 - 0x00007ffaaee2b000 	C:\Program Files\JetBrains\IntelliJ IDEA Community Edition 2024.1.1\jbr\bin\VCRUNTIME140.dll
0x00007ffadd570000 - 0x00007ffadd71e000 	C:\WINDOWS\System32\USER32.dll
0x00007ffadd1c0000 - 0x00007ffadd1e6000 	C:\WINDOWS\System32\win32u.dll
0x00007ffac3f00000 - 0x00007ffac4192000 	C:\WINDOWS\WinSxS\amd64_microsoft.windows.common-controls_6595b64144ccf1df_6.0.22621.4541_none_2710d1c57384c085\COMCTL32.dll
0x00007ffadec80000 - 0x00007ffadeca9000 	C:\WINDOWS\System32\GDI32.dll
0x00007ffadf400000 - 0x00007ffadf4a7000 	C:\WINDOWS\System32\msvcrt.dll
0x00007ffadcb90000 - 0x00007ffadccab000 	C:\WINDOWS\System32\gdi32full.dll
0x00007ffadcaf0000 - 0x00007ffadcb8a000 	C:\WINDOWS\System32\msvcp_win.dll
0x00007ffadf1f0000 - 0x00007ffadf221000 	C:\WINDOWS\System32\IMM32.DLL
0x00007ffac30d0000 - 0x00007ffac30dc000 	C:\Program Files\JetBrains\IntelliJ IDEA Community Edition 2024.1.1\jbr\bin\vcruntime140_1.dll
0x00007ffa8ac00000 - 0x00007ffa8ac8d000 	C:\Program Files\JetBrains\IntelliJ IDEA Community Edition 2024.1.1\jbr\bin\msvcp140.dll
0x00007ffa87070000 - 0x00007ffa87cf2000 	C:\Program Files\JetBrains\IntelliJ IDEA Community Edition 2024.1.1\jbr\bin\server\jvm.dll
0x00007ffadf230000 - 0x00007ffadf2e2000 	C:\WINDOWS\System32\ADVAPI32.dll
0x00007ffade830000 - 0x00007ffade8d7000 	C:\WINDOWS\System32\sechost.dll
0x00007ffadd190000 - 0x00007ffadd1b8000 	C:\WINDOWS\System32\bcrypt.dll
0x00007ffadd1f0000 - 0x00007ffadd304000 	C:\WINDOWS\System32\RPCRT4.dll
0x00007ffabb2a0000 - 0x00007ffabb2a9000 	C:\WINDOWS\SYSTEM32\WSOCK32.dll
0x00007ffad75b0000 - 0x00007ffad75e4000 	C:\WINDOWS\SYSTEM32\WINMM.dll
0x00007ffad4130000 - 0x00007ffad413a000 	C:\WINDOWS\SYSTEM32\VERSION.dll
0x00007ffade640000 - 0x00007ffade6b1000 	C:\WINDOWS\System32\WS2_32.dll
0x00007ffadc690000 - 0x00007ffadc6dd000 	C:\WINDOWS\SYSTEM32\POWRPROF.dll
0x00007ffadc670000 - 0x00007ffadc683000 	C:\WINDOWS\SYSTEM32\UMPDC.dll
0x00007ffadb7d0000 - 0x00007ffadb7e8000 	C:\WINDOWS\SYSTEM32\kernel.appcore.dll
0x00007ffad5da0000 - 0x00007ffad5daa000 	C:\Program Files\JetBrains\IntelliJ IDEA Community Edition 2024.1.1\jbr\bin\jimage.dll
0x00007fface5e0000 - 0x00007fface812000 	C:\WINDOWS\SYSTEM32\DBGHELP.DLL
0x00007ffade8e0000 - 0x00007ffadec6f000 	C:\WINDOWS\System32\combase.dll
0x00007ffadd370000 - 0x00007ffadd447000 	C:\WINDOWS\System32\OLEAUT32.dll
0x00007fface170000 - 0x00007fface1a2000 	C:\WINDOWS\SYSTEM32\dbgcore.DLL
0x00007ffadca70000 - 0x00007ffadcaeb000 	C:\WINDOWS\System32\bcryptPrimitives.dll
0x00007ffad5d70000 - 0x00007ffad5d95000 	C:\Program Files\JetBrains\IntelliJ IDEA Community Edition 2024.1.1\jbr\bin\java.dll

dbghelp: loaded successfully - version: 4.0.5 - missing functions: none
symbol engine: initialized successfully - sym options: 0x614 - pdb path: .;C:\Program Files\JetBrains\IntelliJ IDEA Community Edition 2024.1.1\jbr\bin;C:\WINDOWS\SYSTEM32;C:\WINDOWS\WinSxS\amd64_microsoft.windows.common-controls_6595b64144ccf1df_6.0.22621.4541_none_2710d1c57384c085;C:\Program Files\JetBrains\IntelliJ IDEA Community Edition 2024.1.1\jbr\bin\server

VM Arguments:
java_command: git4idea.http.GitAskPassApp Username for 'https://github.com': 
java_class_path (initial): C:/Program Files/JetBrains/IntelliJ IDEA Community Edition 2024.1.1/plugins/vcs-git/lib/git4idea-rt.jar;C:/Program Files/JetBrains/IntelliJ IDEA Community Edition 2024.1.1/lib/externalProcess-rt.jar
Launcher Type: SUN_STANDARD

[Global flags]
     intx CICompilerCount                          = 4                                         {product} {ergonomic}
     uint ConcGCThreads                            = 3                                         {product} {ergonomic}
     uint G1ConcRefinementThreads                  = 10                                        {product} {ergonomic}
   size_t G1HeapRegionSize                         = 1048576                                   {product} {ergonomic}
    uintx GCDrainStackTargetSize                   = 64                                        {product} {ergonomic}
   size_t InitialHeapSize                          = 123731968                                 {product} {ergonomic}
   size_t MarkStackSize                            = 4194304                                   {product} {ergonomic}
   size_t MaxHeapSize                              = 1971322880                                {product} {ergonomic}
   size_t MinHeapDeltaBytes                        = 1048576                                   {product} {ergonomic}
   size_t MinHeapSize                              = 8388608                                   {product} {ergonomic}
    uintx NonNMethodCodeHeapSize                   = 5839372                                {pd product} {ergonomic}
    uintx NonProfiledCodeHeapSize                  = 122909434                              {pd product} {ergonomic}
    uintx ProfiledCodeHeapSize                     = 122909434                              {pd product} {ergonomic}
    uintx ReservedCodeCacheSize                    = 251658240                              {pd product} {ergonomic}
     bool SegmentedCodeCache                       = true                                      {product} {ergonomic}
   size_t SoftMaxHeapSize                          = 1971322880                             {manageable} {ergonomic}
     bool UseCompressedClassPointers               = true                           {product lp64_product} {ergonomic}
     bool UseCompressedOops                        = true                           {product lp64_product} {ergonomic}
     bool UseG1GC                                  = true                                      {product} {ergonomic}
     bool UseLargePagesIndividualAllocation        = false                                  {pd product} {ergonomic}

Logging:
Log output configuration:
 #0: stdout all=warning uptime,level,tags
 #1: stderr all=off uptime,level,tags

Environment Variables:
JAVA_HOME=C:\Program Files\Java\jdk-19.0.2
CLASSPATH=C:\mysql-connector-j-9.0.0
PATH=C:\Program Files\Git\mingw64\libexec\git-core;C:\Program Files\Git\mingw64\libexec\git-core;C:\Program Files\Git\mingw64\bin;C:\Program Files\Git\usr\bin;C:\Users\sansk\bin;C:\Program Files\Java\jdk-19.0.2\bin;C:\Program Files\apache-maven-3.9.7\bin;C:\Program Files\Java\jdk-19.0.2\bin;C:\Program Files\Common Files\Oracle\Java\javapath;C:\Program Files\Common Files\Oracle\Java\javapath_target_114688703\bin;C:\windows\system32;C:\windows;C:\windows\System32\Wbem;C:\windows\System32\WindowsPowerShell\v1.0;C:\windows\System32\OpenSSH;C:\Program Files (x86)\NVIDIA Corporation\PhysX\Common;C:\Program Files\NVIDIA Corporation\NVIDIA NvDLISR;C:\WINDOWS\system32;C:\WINDOWS;C:\WINDOWS\System32\Wbem;C:\WINDOWS\System32\WindowsPowerShell\v1.0;C:\WINDOWS\System32\OpenSSH;C:\Users\sansk\AppData\Local\Microsoft;C:\Users\sansk\AppData\Local\GitHubDesktop\bin;C:\Program Files\JetBrains\IntelliJ IDEA Community Edition 2024.1.1\bin;D:\dev\flutter\bin;C:\Program Files\JetBrains\IntelliJ IDEA 2024.1.1\bin;C:\Program Files\Docker\Docker\resources\bin;C:\Program Files\Tailscale;C:\Program Files\Redis;C:\Program Files\Git\cmd;C:\flutter\src\flutter\bin;D:\flutter\src\flutter\bin;C:\Program Files\WireGuard;C:\Pro;C:\Program Files\Java\jdk-19.0.2\bin;C:\Program Files\nodejs;C:\Users\sansk\AppData\Local\Programs\Python\Python312\Scripts;C:\Users\sansk\AppData\Local\Programs\Python\Python312;C:\Users\sansk\AppData\Local\Microsoft\WindowsApps;C:\Program Files\JetBrains\IntelliJ IDEA Community Edition 2024.1.1\bin;D:\dev\flutter\bin;C:\Program Files\JetBrains\IntelliJ IDEA 2024.1.1\bin;C:\Program Files\Java\jdk-19.0.2\bin;C:\Program Files\heroku\bin;C:\MinGW\bin;C:\Program Files\JetBrains\CLion 2024.2\bin;C:\flutter\src\flutter\bin;D:\flutter\src\flutter\bin;C:\Program Files\WireGuard;C:\Program Files\WireGuard\wg.exe;E:\fluttter\flutter\bin;C:\Users\sansk\go\bin;C:\TDM-GCC-64\bin;C:\Program Files\Java\jdk-19.0.2\bin;C:\Users\sansk\AppData\Roaming\npm;C:\Program Files\nodejs
USERNAME=sansk
DISPLAY=:0.0
LC_ALL=en_US.UTF-8
TERM=xterm-256color
TMPDIR=C:\Users\sansk\AppData\Local\Temp
OS=Windows_NT
PROCESSOR_IDENTIFIER=AMD64 Family 25 Model 80 Stepping 0, AuthenticAMD
TMP=C:\Users\sansk\AppData\Local\Temp
TEMP=C:\Users\sansk\AppData\Local\Temp



Periodic native trim disabled

JNI global refs:
JNI global refs: 0, weak refs: 0

JNI global refs memory usage: 0, weak refs: 0

OOME stack traces (most recent first):
Classloader memory used:


---------------  S Y S T E M  ---------------

OS:
 Windows 11 , 64 bit Build 22621 (10.0.22621.4391)
OS uptime: 1 days 20:54 hours
Hyper-V role detected

CPU: total 12 (initial active 12) (12 cores per cpu, 2 threads per core) family 25 model 80 stepping 0 microcode 0x0, cx8, cmov, fxsr, ht, mmx, 3dnowpref, sse, sse2, sse3, ssse3, sse4a, sse4.1, sse4.2, popcnt, lzcnt, tsc, tscinvbit, avx, avx2, aes, erms, clmul, bmi1, bmi2, adx, sha, fma, vzeroupper, clflush, clflushopt, hv
Processor Information for all 12 processors :
  Max Mhz: 3301, Current Mhz: 3301, Mhz Limit: 3301

Memory: 4k page, system-wide physical 7519M (251M free)
TotalPageFile size 31071M (AvailPageFile size 80M)
current process WorkingSet (physical memory assigned to process): 11M, peak: 11M
current process commit charge ("private bytes"): 64M, peak: 182M

vm_info: OpenJDK 64-Bit Server VM (17.0.10+1-b1207.14) for windows-amd64 JRE (17.0.10+1-b1207.14), built on 2024-04-05 by "builduser" with MS VC++ 16.10 / 16.11 (VS2019)

END.
